INFO:root:Tweeter API created
INFO:root:Retrieving mentions.,,,
INFO:root:CURSOR : text:@ohmyxan @ohmyxan_nemesis @lucasgindreau Et on ne dit pas « de base » mais «  à la base » 
Super projet btw, j’espè… https://t.co/DLuBeEtSBV, user.name:Greg de la 6T 🦆, id:1463052117279711235, in_reply_to_status_id:1462847908642971651
INFO:root:Textgears API created
INFO:root:Tweeter API created
INFO:root:Retrieving mentions.
INFO:root:CURSOR : text:@ohmyxan @ohmyxan_nemesis @lucasgindreau Et on ne dit pas « de base » mais «  à la base » 
Super projet btw, j’espè… https://t.co/DLuBeEtSBV, user.name:Greg de la 6T 🦆, id:1463052117279711235, in_reply_to_status_id:1462847908642971651
INFO:root:Textgears API created
2021-11-24 18:08:35,133 [INFO] Tweeter API created
2021-11-24 18:08:35,134 [INFO] Retrieving mentions.
2021-11-24 18:08:35,437 [INFO] CURSOR : text:@ohmyxan @ohmyxan_nemesis @lucasgindreau Et on ne dit pas « de base » mais «  à la base » 
Super projet btw, j’espè… https://t.co/DLuBeEtSBV, user.name:Greg de la 6T 🦆, id:1463052117279711235, in_reply_to_status_id:1462847908642971651
2021-11-24 18:08:36,146 [INFO] Textgears API created
2021-11-24 18:12:45,341 [INFO] Tweeter API created
2021-11-24 18:12:45,343 [INFO] Retrieving mentions
2021-11-24 18:12:45,343 [WARNING] Retrieving mentions
2021-11-24 18:12:45,343 [ERROR] Retrieving mentions
2021-11-24 18:12:45,656 [INFO] CURSOR : text:@ohmyxan @ohmyxan_nemesis @lucasgindreau Et on ne dit pas « de base » mais «  à la base » 
Super projet btw, j’espè… https://t.co/DLuBeEtSBV, user.name:Greg de la 6T 🦆, id:1463052117279711235, in_reply_to_status_id:1462847908642971651
2021-11-24 18:12:46,402 [INFO] Textgears API created
2021-11-24 18:14:10,682 [INFO] Tweeter API created
2021-11-24 18:14:13,848 [INFO] Retrieving mentions
2021-11-24 18:14:22,106 [INFO] CURSOR : text:@ohmyxan @ohmyxan_nemesis @lucasgindreau Et on ne dit pas « de base » mais «  à la base » 
Super projet btw, j’espè… https://t.co/DLuBeEtSBV, user.name:Greg de la 6T 🦆, id:1463052117279711235, in_reply_to_status_id:1462847908642971651
2021-11-24 18:15:08,847 [INFO] Textgears API created
